2024-01-24 15:28:57,163 INFO  - Log Configuration was overridden by /home/agata/nauka/projekt/backend/hivemq-ce-2024.1/conf/logback.xml
2024-01-24 15:28:57,011 INFO  - Starting HiveMQ Community Edition Server
2024-01-24 15:28:57,013 INFO  - HiveMQ version: 2024.1
2024-01-24 15:28:57,013 INFO  - HiveMQ home directory: /home/agata/nauka/projekt/backend/hivemq-ce-2024.1
2024-01-24 15:28:57,644 INFO  - This HiveMQ ID is MG44s
2024-01-24 15:29:00,731 INFO  - Starting with file persistence mode.
2024-01-24 15:29:01,893 INFO  - Starting HiveMQ extension system.
2024-01-24 15:29:01,981 WARN  - 
################################################################################################################
# This HiveMQ deployment is not secure! You are lacking Authentication and Authorization.                      #
# Right now any MQTT client can connect to the broker with a full set of permissions.                          #
# For production usage, add an appropriate security extension and remove the hivemq-allow-all extension.       #
# You can download security extensions from the HiveMQ Marketplace (https://www.hivemq.com/extensions/).       #
################################################################################################################
2024-01-24 15:29:01,983 INFO  - Extension "Allow All Extension" version 1.0.0 started successfully.
2024-01-24 15:29:02,038 INFO  - Starting TCP listener on address 0.0.0.0 and port 1883
2024-01-24 15:29:02,091 INFO  - Starting Websocket listener on address 0.0.0.0 and port 8000
2024-01-24 15:29:02,108 INFO  - Started TCP Listener on address 0.0.0.0 and on port 1883.
2024-01-24 15:29:02,109 INFO  - Started Websocket Listener on address 0.0.0.0 and on port 8000.
2024-01-24 15:29:02,109 INFO  - Started HiveMQ in 5105ms
2024-01-24 23:03:08,219 INFO  - Shutting down HiveMQ. Please wait, this could take a while...
2024-01-24 23:03:11,077 INFO  - Shutting down extension system
2024-01-24 23:03:11,132 INFO  - Extension "Allow All Extension" version 1.0.0 stopped successfully.
2024-01-24 23:03:15,504 INFO  - Shutdown completed.
2024-01-24 23:04:15,105 INFO  - Log Configuration was overridden by /home/agata/nauka/projekt/backend/hivemq-ce-2024.1/conf/logback.xml
2024-01-24 23:04:14,983 INFO  - Starting HiveMQ Community Edition Server
2024-01-24 23:04:14,986 INFO  - HiveMQ version: 2024.1
2024-01-24 23:04:14,986 INFO  - HiveMQ home directory: /home/agata/nauka/projekt/backend/hivemq-ce-2024.1
2024-01-24 23:04:15,465 INFO  - This HiveMQ ID is a0VUO
2024-01-24 23:04:18,873 INFO  - Starting with file persistence mode.
2024-01-24 23:04:19,892 INFO  - Starting HiveMQ extension system.
2024-01-24 23:04:19,965 WARN  - 
################################################################################################################
# This HiveMQ deployment is not secure! You are lacking Authentication and Authorization.                      #
# Right now any MQTT client can connect to the broker with a full set of permissions.                          #
# For production usage, add an appropriate security extension and remove the hivemq-allow-all extension.       #
# You can download security extensions from the HiveMQ Marketplace (https://www.hivemq.com/extensions/).       #
################################################################################################################
2024-01-24 23:04:19,966 INFO  - Extension "Allow All Extension" version 1.0.0 started successfully.
2024-01-24 23:04:20,021 INFO  - Starting TCP listener on address 0.0.0.0 and port 1883
2024-01-24 23:04:20,075 INFO  - Starting Websocket listener on address 0.0.0.0 and port 8000
2024-01-24 23:04:20,079 INFO  - Started TCP Listener on address 0.0.0.0 and on port 1883.
2024-01-24 23:04:20,080 INFO  - Started Websocket Listener on address 0.0.0.0 and on port 8000.
2024-01-24 23:04:20,080 INFO  - Started HiveMQ in 5105ms
