2024-01-25 00:19:57,840 INFO  - Shutting down HiveMQ. Please wait, this could take a while...
2024-01-25 00:20:00,555 INFO  - Shutting down extension system
2024-01-25 00:20:00,598 INFO  - Extension "Allow All Extension" version 1.0.0 stopped successfully.
2024-01-25 00:20:04,292 INFO  - Shutdown completed.
2024-01-25 00:30:24,584 INFO  - Log Configuration was overridden by /home/agata/nauka/projekt/backend/hivemq-ce-2024.1/conf/logback.xml
2024-01-25 00:30:24,479 INFO  - Starting HiveMQ Community Edition Server
2024-01-25 00:30:24,481 INFO  - HiveMQ version: 2024.1
2024-01-25 00:30:24,481 INFO  - HiveMQ home directory: /home/agata/nauka/projekt/backend/hivemq-ce-2024.1
2024-01-25 00:30:25,148 INFO  - This HiveMQ ID is B2QQ2
2024-01-25 00:30:30,020 INFO  - Starting with file persistence mode.
2024-01-25 00:30:31,712 INFO  - Starting HiveMQ extension system.
2024-01-25 00:30:31,786 WARN  - 
################################################################################################################
# This HiveMQ deployment is not secure! You are lacking Authentication and Authorization.                      #
# Right now any MQTT client can connect to the broker with a full set of permissions.                          #
# For production usage, add an appropriate security extension and remove the hivemq-allow-all extension.       #
# You can download security extensions from the HiveMQ Marketplace (https://www.hivemq.com/extensions/).       #
################################################################################################################
2024-01-25 00:30:31,789 INFO  - Extension "Allow All Extension" version 1.0.0 started successfully.
2024-01-25 00:30:31,894 INFO  - Starting TCP listener on address 0.0.0.0 and port 1883
2024-01-25 00:30:31,973 INFO  - Starting Websocket listener on address 0.0.0.0 and port 8000
2024-01-25 00:30:31,993 INFO  - Started TCP Listener on address 0.0.0.0 and on port 1883.
2024-01-25 00:30:31,994 INFO  - Started Websocket Listener on address 0.0.0.0 and on port 8000.
2024-01-25 00:30:31,995 INFO  - Started HiveMQ in 7523ms
2024-01-25 00:44:35,977 INFO  - Shutting down HiveMQ. Please wait, this could take a while...
2024-01-25 00:44:38,076 INFO  - Shutting down extension system
2024-01-25 00:44:38,078 INFO  - Extension "Allow All Extension" version 1.0.0 stopped successfully.
2024-01-25 00:44:40,922 INFO  - Shutdown completed.
2024-01-25 00:45:25,779 INFO  - Log Configuration was overridden by /home/agata/nauka/projekt/backend/hivemq-ce-2024.1/conf/logback.xml
2024-01-25 00:45:25,643 INFO  - Starting HiveMQ Community Edition Server
2024-01-25 00:45:25,645 INFO  - HiveMQ version: 2024.1
2024-01-25 00:45:25,645 INFO  - HiveMQ home directory: /home/agata/nauka/projekt/backend/hivemq-ce-2024.1
2024-01-25 00:45:26,155 INFO  - This HiveMQ ID is 6aACZ
2024-01-25 00:45:29,371 INFO  - Starting with file persistence mode.
2024-01-25 00:45:31,912 INFO  - Starting HiveMQ extension system.
2024-01-25 00:45:32,014 WARN  - 
################################################################################################################
# This HiveMQ deployment is not secure! You are lacking Authentication and Authorization.                      #
# Right now any MQTT client can connect to the broker with a full set of permissions.                          #
# For production usage, add an appropriate security extension and remove the hivemq-allow-all extension.       #
# You can download security extensions from the HiveMQ Marketplace (https://www.hivemq.com/extensions/).       #
################################################################################################################
2024-01-25 00:45:32,017 INFO  - Extension "Allow All Extension" version 1.0.0 started successfully.
2024-01-25 00:45:32,116 INFO  - Starting TCP listener on address 0.0.0.0 and port 1883
2024-01-25 00:45:32,201 INFO  - Starting Websocket listener on address 0.0.0.0 and port 8000
2024-01-25 00:45:32,215 INFO  - Started TCP Listener on address 0.0.0.0 and on port 1883.
2024-01-25 00:45:32,215 INFO  - Started Websocket Listener on address 0.0.0.0 and on port 8000.
2024-01-25 00:45:32,216 INFO  - Started HiveMQ in 6579ms
2024-01-25 02:08:10,420 INFO  - Shutting down HiveMQ. Please wait, this could take a while...
2024-01-25 02:08:12,599 INFO  - Shutting down extension system
2024-01-25 02:08:12,617 INFO  - Extension "Allow All Extension" version 1.0.0 stopped successfully.
2024-01-25 02:08:16,275 INFO  - Shutdown completed.
2024-01-25 02:08:20,727 INFO  - Log Configuration was overridden by /home/agata/nauka/projekt/backend/hivemq-ce-2024.1/conf/logback.xml
2024-01-25 02:08:20,520 INFO  - Starting HiveMQ Community Edition Server
2024-01-25 02:08:20,522 INFO  - HiveMQ version: 2024.1
2024-01-25 02:08:20,522 INFO  - HiveMQ home directory: /home/agata/nauka/projekt/backend/hivemq-ce-2024.1
2024-01-25 02:08:21,372 INFO  - This HiveMQ ID is ovArz
2024-01-25 02:08:25,518 INFO  - Starting with file persistence mode.
2024-01-25 02:08:28,059 INFO  - Starting HiveMQ extension system.
2024-01-25 02:08:28,188 WARN  - 
################################################################################################################
# This HiveMQ deployment is not secure! You are lacking Authentication and Authorization.                      #
# Right now any MQTT client can connect to the broker with a full set of permissions.                          #
# For production usage, add an appropriate security extension and remove the hivemq-allow-all extension.       #
# You can download security extensions from the HiveMQ Marketplace (https://www.hivemq.com/extensions/).       #
################################################################################################################
2024-01-25 02:08:28,202 INFO  - Extension "Allow All Extension" version 1.0.0 started successfully.
2024-01-25 02:08:28,282 INFO  - Starting TCP listener on address 0.0.0.0 and port 1883
2024-01-25 02:08:28,364 INFO  - Starting Websocket listener on address 0.0.0.0 and port 8000
2024-01-25 02:08:28,380 INFO  - Started TCP Listener on address 0.0.0.0 and on port 1883.
2024-01-25 02:08:28,381 INFO  - Started Websocket Listener on address 0.0.0.0 and on port 8000.
2024-01-25 02:08:28,381 INFO  - Started HiveMQ in 7877ms
2024-01-25 03:35:18,645 INFO  - Shutting down HiveMQ. Please wait, this could take a while...
2024-01-25 03:35:20,804 INFO  - Shutting down extension system
2024-01-25 03:35:20,818 INFO  - Extension "Allow All Extension" version 1.0.0 stopped successfully.
2024-01-25 03:35:26,665 INFO  - Shutdown completed.
2024-01-25 12:27:48,377 INFO  - Log Configuration was overridden by /home/agata/nauka/projekt/backend/hivemq-ce-2024.1/conf/logback.xml
2024-01-25 12:27:48,286 INFO  - Starting HiveMQ Community Edition Server
2024-01-25 12:27:48,288 INFO  - HiveMQ version: 2024.1
2024-01-25 12:27:48,288 INFO  - HiveMQ home directory: /home/agata/nauka/projekt/backend/hivemq-ce-2024.1
2024-01-25 12:27:48,743 INFO  - This HiveMQ ID is e0i3B
2024-01-25 12:27:51,693 INFO  - Starting with file persistence mode.
2024-01-25 12:27:53,086 INFO  - Starting HiveMQ extension system.
2024-01-25 12:27:53,173 WARN  - 
################################################################################################################
# This HiveMQ deployment is not secure! You are lacking Authentication and Authorization.                      #
# Right now any MQTT client can connect to the broker with a full set of permissions.                          #
# For production usage, add an appropriate security extension and remove the hivemq-allow-all extension.       #
# You can download security extensions from the HiveMQ Marketplace (https://www.hivemq.com/extensions/).       #
################################################################################################################
2024-01-25 12:27:53,175 INFO  - Extension "Allow All Extension" version 1.0.0 started successfully.
2024-01-25 12:27:53,227 INFO  - Starting TCP listener on address 0.0.0.0 and port 1883
2024-01-25 12:27:53,271 INFO  - Starting Websocket listener on address 0.0.0.0 and port 8000
2024-01-25 12:27:53,275 INFO  - Started TCP Listener on address 0.0.0.0 and on port 1883.
2024-01-25 12:27:53,276 INFO  - Started Websocket Listener on address 0.0.0.0 and on port 8000.
2024-01-25 12:27:53,276 INFO  - Started HiveMQ in 4995ms
2024-01-25 12:58:53,269 INFO  - Shutting down HiveMQ. Please wait, this could take a while...
2024-01-25 12:58:55,500 INFO  - Shutting down extension system
2024-01-25 12:58:55,504 INFO  - Extension "Allow All Extension" version 1.0.0 stopped successfully.
2024-01-25 12:58:59,168 INFO  - Shutdown completed.
2024-01-25 15:50:04,262 INFO  - Log Configuration was overridden by /home/agata/nauka/projekt/backend/hivemq-ce-2024.1/conf/logback.xml
2024-01-25 15:50:04,055 INFO  - Starting HiveMQ Community Edition Server
2024-01-25 15:50:04,058 INFO  - HiveMQ version: 2024.1
2024-01-25 15:50:04,058 INFO  - HiveMQ home directory: /home/agata/nauka/projekt/backend/hivemq-ce-2024.1
2024-01-25 15:50:04,776 INFO  - This HiveMQ ID is EC7Cy
2024-01-25 15:50:08,923 INFO  - Starting with file persistence mode.
2024-01-25 15:50:10,171 INFO  - Starting HiveMQ extension system.
2024-01-25 15:50:10,241 WARN  - 
################################################################################################################
# This HiveMQ deployment is not secure! You are lacking Authentication and Authorization.                      #
# Right now any MQTT client can connect to the broker with a full set of permissions.                          #
# For production usage, add an appropriate security extension and remove the hivemq-allow-all extension.       #
# You can download security extensions from the HiveMQ Marketplace (https://www.hivemq.com/extensions/).       #
################################################################################################################
2024-01-25 15:50:10,243 INFO  - Extension "Allow All Extension" version 1.0.0 started successfully.
2024-01-25 15:50:10,316 INFO  - Starting TCP listener on address 0.0.0.0 and port 1883
2024-01-25 15:50:10,354 INFO  - Starting Websocket listener on address 0.0.0.0 and port 8000
2024-01-25 15:50:10,360 INFO  - Started TCP Listener on address 0.0.0.0 and on port 1883.
2024-01-25 15:50:10,360 INFO  - Started Websocket Listener on address 0.0.0.0 and on port 8000.
2024-01-25 15:50:10,360 INFO  - Started HiveMQ in 6318ms
2024-01-25 18:16:18,343 INFO  - Shutting down HiveMQ. Please wait, this could take a while...
2024-01-25 18:16:20,618 INFO  - Shutting down extension system
2024-01-25 18:16:20,696 INFO  - Extension "Allow All Extension" version 1.0.0 stopped successfully.
2024-01-25 18:16:24,030 INFO  - Shutdown completed.
2024-01-25 23:19:58,933 INFO  - Log Configuration was overridden by /home/agata/nauka/projekt/backend/hivemq-ce-2024.1/conf/logback.xml
2024-01-25 23:19:58,770 INFO  - Starting HiveMQ Community Edition Server
2024-01-25 23:19:58,778 INFO  - HiveMQ version: 2024.1
2024-01-25 23:19:58,778 INFO  - HiveMQ home directory: /home/agata/nauka/projekt/backend/hivemq-ce-2024.1
2024-01-25 23:19:59,612 INFO  - This HiveMQ ID is lHhiu
2024-01-25 23:20:03,376 INFO  - Starting with file persistence mode.
2024-01-25 23:20:04,858 INFO  - Starting HiveMQ extension system.
2024-01-25 23:20:05,027 WARN  - 
################################################################################################################
# This HiveMQ deployment is not secure! You are lacking Authentication and Authorization.                      #
# Right now any MQTT client can connect to the broker with a full set of permissions.                          #
# For production usage, add an appropriate security extension and remove the hivemq-allow-all extension.       #
# You can download security extensions from the HiveMQ Marketplace (https://www.hivemq.com/extensions/).       #
################################################################################################################
2024-01-25 23:20:05,032 INFO  - Extension "Allow All Extension" version 1.0.0 started successfully.
2024-01-25 23:20:05,190 INFO  - Starting TCP listener on address 0.0.0.0 and port 1883
2024-01-25 23:20:05,289 INFO  - Starting Websocket listener on address 0.0.0.0 and port 8000
2024-01-25 23:20:05,312 INFO  - Started TCP Listener on address 0.0.0.0 and on port 1883.
2024-01-25 23:20:05,313 INFO  - Started Websocket Listener on address 0.0.0.0 and on port 8000.
2024-01-25 23:20:05,313 INFO  - Started HiveMQ in 6550ms
