2024-01-20 15:43:41,785 INFO  - Log Configuration was overridden by /home/agata/nauka/projekt/backend/hivemq-ce-2024.1/conf/logback.xml
2024-01-20 15:43:41,680 INFO  - Starting HiveMQ Community Edition Server
2024-01-20 15:43:41,682 INFO  - HiveMQ version: 2024.1
2024-01-20 15:43:41,682 INFO  - HiveMQ home directory: /home/agata/nauka/projekt/backend/hivemq-ce-2024.1
2024-01-20 15:43:42,109 INFO  - This HiveMQ ID is NXISy
2024-01-20 15:43:46,090 INFO  - Starting with file persistence mode.
2024-01-20 15:43:46,961 INFO  - Starting HiveMQ extension system.
2024-01-20 15:43:47,020 WARN  - 
################################################################################################################
# This HiveMQ deployment is not secure! You are lacking Authentication and Authorization.                      #
# Right now any MQTT client can connect to the broker with a full set of permissions.                          #
# For production usage, add an appropriate security extension and remove the hivemq-allow-all extension.       #
# You can download security extensions from the HiveMQ Marketplace (https://www.hivemq.com/extensions/).       #
################################################################################################################
2024-01-20 15:43:47,021 INFO  - Extension "Allow All Extension" version 1.0.0 started successfully.
2024-01-20 15:43:47,064 INFO  - Starting TCP listener on address 0.0.0.0 and port 1883
2024-01-20 15:43:47,105 INFO  - Started TCP Listener on address 0.0.0.0 and on port 1883.
2024-01-20 15:43:47,106 INFO  - Started HiveMQ in 5431ms
2024-01-20 16:29:50,894 INFO  - Shutting down HiveMQ. Please wait, this could take a while...
2024-01-20 16:29:52,982 INFO  - Shutting down extension system
2024-01-20 16:29:52,992 INFO  - Extension "Allow All Extension" version 1.0.0 stopped successfully.
2024-01-20 16:29:56,308 INFO  - Shutdown completed.
2024-01-20 16:30:09,059 INFO  - Log Configuration was overridden by /home/agata/nauka/projekt/backend/hivemq-ce-2024.1/conf/logback.xml
2024-01-20 16:30:08,950 INFO  - Starting HiveMQ Community Edition Server
2024-01-20 16:30:08,952 INFO  - HiveMQ version: 2024.1
2024-01-20 16:30:08,952 INFO  - HiveMQ home directory: /home/agata/nauka/projekt/backend/hivemq-ce-2024.1
2024-01-20 16:30:09,365 INFO  - This HiveMQ ID is xCw4I
2024-01-20 16:30:11,246 INFO  - Starting with file persistence mode.
2024-01-20 16:30:12,074 INFO  - Starting HiveMQ extension system.
2024-01-20 16:30:12,119 WARN  - 
################################################################################################################
# This HiveMQ deployment is not secure! You are lacking Authentication and Authorization.                      #
# Right now any MQTT client can connect to the broker with a full set of permissions.                          #
# For production usage, add an appropriate security extension and remove the hivemq-allow-all extension.       #
# You can download security extensions from the HiveMQ Marketplace (https://www.hivemq.com/extensions/).       #
################################################################################################################
2024-01-20 16:30:12,120 INFO  - Extension "Allow All Extension" version 1.0.0 started successfully.
2024-01-20 16:30:12,167 INFO  - Starting TCP listener on address 0.0.0.0 and port 1883
2024-01-20 16:30:12,214 INFO  - Started TCP Listener on address 0.0.0.0 and on port 1883.
2024-01-20 16:30:12,214 INFO  - Started HiveMQ in 3270ms
2024-01-20 17:25:16,658 INFO  - Shutting down HiveMQ. Please wait, this could take a while...
2024-01-20 17:25:18,736 INFO  - Shutting down extension system
2024-01-20 17:25:18,792 INFO  - Extension "Allow All Extension" version 1.0.0 stopped successfully.
2024-01-20 17:25:23,234 INFO  - Shutdown completed.
2024-01-20 18:36:09,802 INFO  - Log Configuration was overridden by /home/agata/nauka/projekt/backend/hivemq-ce-2024.1/conf/logback.xml
2024-01-20 18:36:09,642 INFO  - Starting HiveMQ Community Edition Server
2024-01-20 18:36:09,644 INFO  - HiveMQ version: 2024.1
2024-01-20 18:36:09,644 INFO  - HiveMQ home directory: /home/agata/nauka/projekt/backend/hivemq-ce-2024.1
2024-01-20 18:36:10,368 INFO  - This HiveMQ ID is r8kzI
2024-01-20 18:36:13,980 INFO  - Starting with file persistence mode.
2024-01-20 18:36:15,009 INFO  - Starting HiveMQ extension system.
2024-01-20 18:36:15,079 WARN  - 
################################################################################################################
# This HiveMQ deployment is not secure! You are lacking Authentication and Authorization.                      #
# Right now any MQTT client can connect to the broker with a full set of permissions.                          #
# For production usage, add an appropriate security extension and remove the hivemq-allow-all extension.       #
# You can download security extensions from the HiveMQ Marketplace (https://www.hivemq.com/extensions/).       #
################################################################################################################
2024-01-20 18:36:15,083 INFO  - Extension "Allow All Extension" version 1.0.0 started successfully.
2024-01-20 18:36:15,174 INFO  - Starting TCP listener on address 0.0.0.0 and port 1883
2024-01-20 18:36:15,269 INFO  - Started TCP Listener on address 0.0.0.0 and on port 1883.
2024-01-20 18:36:15,270 INFO  - Started HiveMQ in 5635ms
