2024-01-20 15:43:41,785 INFO  - Log Configuration was overridden by /home/agata/nauka/projekt/backend/hivemq-ce-2024.1/conf/logback.xml
2024-01-20 15:43:41,680 INFO  - Starting HiveMQ Community Edition Server
2024-01-20 15:43:41,682 INFO  - HiveMQ version: 2024.1
2024-01-20 15:43:41,682 INFO  - HiveMQ home directory: /home/agata/nauka/projekt/backend/hivemq-ce-2024.1
2024-01-20 15:43:42,109 INFO  - This HiveMQ ID is NXISy
2024-01-20 15:43:46,090 INFO  - Starting with file persistence mode.
2024-01-20 15:43:46,961 INFO  - Starting HiveMQ extension system.
2024-01-20 15:43:47,020 WARN  - 
################################################################################################################
# This HiveMQ deployment is not secure! You are lacking Authentication and Authorization.                      #
# Right now any MQTT client can connect to the broker with a full set of permissions.                          #
# For production usage, add an appropriate security extension and remove the hivemq-allow-all extension.       #
# You can download security extensions from the HiveMQ Marketplace (https://www.hivemq.com/extensions/).       #
################################################################################################################
2024-01-20 15:43:47,021 INFO  - Extension "Allow All Extension" version 1.0.0 started successfully.
2024-01-20 15:43:47,064 INFO  - Starting TCP listener on address 0.0.0.0 and port 1883
2024-01-20 15:43:47,105 INFO  - Started TCP Listener on address 0.0.0.0 and on port 1883.
2024-01-20 15:43:47,106 INFO  - Started HiveMQ in 5431ms
2024-01-20 16:29:50,894 INFO  - Shutting down HiveMQ. Please wait, this could take a while...
2024-01-20 16:29:52,982 INFO  - Shutting down extension system
2024-01-20 16:29:52,992 INFO  - Extension "Allow All Extension" version 1.0.0 stopped successfully.
2024-01-20 16:29:56,308 INFO  - Shutdown completed.
2024-01-20 16:30:09,059 INFO  - Log Configuration was overridden by /home/agata/nauka/projekt/backend/hivemq-ce-2024.1/conf/logback.xml
2024-01-20 16:30:08,950 INFO  - Starting HiveMQ Community Edition Server
2024-01-20 16:30:08,952 INFO  - HiveMQ version: 2024.1
2024-01-20 16:30:08,952 INFO  - HiveMQ home directory: /home/agata/nauka/projekt/backend/hivemq-ce-2024.1
2024-01-20 16:30:09,365 INFO  - This HiveMQ ID is xCw4I
2024-01-20 16:30:11,246 INFO  - Starting with file persistence mode.
2024-01-20 16:30:12,074 INFO  - Starting HiveMQ extension system.
2024-01-20 16:30:12,119 WARN  - 
################################################################################################################
# This HiveMQ deployment is not secure! You are lacking Authentication and Authorization.                      #
# Right now any MQTT client can connect to the broker with a full set of permissions.                          #
# For production usage, add an appropriate security extension and remove the hivemq-allow-all extension.       #
# You can download security extensions from the HiveMQ Marketplace (https://www.hivemq.com/extensions/).       #
################################################################################################################
2024-01-20 16:30:12,120 INFO  - Extension "Allow All Extension" version 1.0.0 started successfully.
2024-01-20 16:30:12,167 INFO  - Starting TCP listener on address 0.0.0.0 and port 1883
2024-01-20 16:30:12,214 INFO  - Started TCP Listener on address 0.0.0.0 and on port 1883.
2024-01-20 16:30:12,214 INFO  - Started HiveMQ in 3270ms
2024-01-20 17:25:16,658 INFO  - Shutting down HiveMQ. Please wait, this could take a while...
2024-01-20 17:25:18,736 INFO  - Shutting down extension system
2024-01-20 17:25:18,792 INFO  - Extension "Allow All Extension" version 1.0.0 stopped successfully.
2024-01-20 17:25:23,234 INFO  - Shutdown completed.
2024-01-20 18:36:09,802 INFO  - Log Configuration was overridden by /home/agata/nauka/projekt/backend/hivemq-ce-2024.1/conf/logback.xml
2024-01-20 18:36:09,642 INFO  - Starting HiveMQ Community Edition Server
2024-01-20 18:36:09,644 INFO  - HiveMQ version: 2024.1
2024-01-20 18:36:09,644 INFO  - HiveMQ home directory: /home/agata/nauka/projekt/backend/hivemq-ce-2024.1
2024-01-20 18:36:10,368 INFO  - This HiveMQ ID is r8kzI
2024-01-20 18:36:13,980 INFO  - Starting with file persistence mode.
2024-01-20 18:36:15,009 INFO  - Starting HiveMQ extension system.
2024-01-20 18:36:15,079 WARN  - 
################################################################################################################
# This HiveMQ deployment is not secure! You are lacking Authentication and Authorization.                      #
# Right now any MQTT client can connect to the broker with a full set of permissions.                          #
# For production usage, add an appropriate security extension and remove the hivemq-allow-all extension.       #
# You can download security extensions from the HiveMQ Marketplace (https://www.hivemq.com/extensions/).       #
################################################################################################################
2024-01-20 18:36:15,083 INFO  - Extension "Allow All Extension" version 1.0.0 started successfully.
2024-01-20 18:36:15,174 INFO  - Starting TCP listener on address 0.0.0.0 and port 1883
2024-01-20 18:36:15,269 INFO  - Started TCP Listener on address 0.0.0.0 and on port 1883.
2024-01-20 18:36:15,270 INFO  - Started HiveMQ in 5635ms
2024-01-20 21:09:30,724 INFO  - Shutting down HiveMQ. Please wait, this could take a while...
2024-01-20 21:09:32,798 INFO  - Shutting down extension system
2024-01-20 21:09:32,816 INFO  - Extension "Allow All Extension" version 1.0.0 stopped successfully.
2024-01-20 21:09:36,324 INFO  - Shutdown completed.
2024-01-20 21:12:19,107 INFO  - Log Configuration was overridden by /home/agata/nauka/projekt/backend/hivemq-ce-2024.1/conf/logback.xml
2024-01-20 21:12:18,995 INFO  - Starting HiveMQ Community Edition Server
2024-01-20 21:12:18,997 INFO  - HiveMQ version: 2024.1
2024-01-20 21:12:18,997 INFO  - HiveMQ home directory: /home/agata/nauka/projekt/backend/hivemq-ce-2024.1
2024-01-20 21:12:19,442 INFO  - This HiveMQ ID is rgi1G
2024-01-20 21:12:22,740 INFO  - Starting with file persistence mode.
2024-01-20 21:12:23,646 INFO  - Starting HiveMQ extension system.
2024-01-20 21:12:23,715 WARN  - 
################################################################################################################
# This HiveMQ deployment is not secure! You are lacking Authentication and Authorization.                      #
# Right now any MQTT client can connect to the broker with a full set of permissions.                          #
# For production usage, add an appropriate security extension and remove the hivemq-allow-all extension.       #
# You can download security extensions from the HiveMQ Marketplace (https://www.hivemq.com/extensions/).       #
################################################################################################################
2024-01-20 21:12:23,717 INFO  - Extension "Allow All Extension" version 1.0.0 started successfully.
2024-01-20 21:12:23,770 INFO  - Starting TCP listener on address 0.0.0.0 and port 1883
2024-01-20 21:12:23,826 INFO  - Started TCP Listener on address 0.0.0.0 and on port 1883.
2024-01-20 21:12:23,826 INFO  - Started HiveMQ in 4838ms
2024-01-20 21:28:59,401 INFO  - Shutting down HiveMQ. Please wait, this could take a while...
2024-01-20 21:29:01,448 INFO  - Shutting down extension system
2024-01-20 21:29:01,451 INFO  - Extension "Allow All Extension" version 1.0.0 stopped successfully.
2024-01-20 21:29:04,460 INFO  - Shutdown completed.
2024-01-20 21:29:07,735 INFO  - Log Configuration was overridden by /home/agata/nauka/projekt/backend/hivemq-ce-2024.1/conf/logback.xml
2024-01-20 21:29:07,506 INFO  - Starting HiveMQ Community Edition Server
2024-01-20 21:29:07,508 INFO  - HiveMQ version: 2024.1
2024-01-20 21:29:07,509 INFO  - HiveMQ home directory: /home/agata/nauka/projekt/backend/hivemq-ce-2024.1
2024-01-20 21:29:08,160 INFO  - This HiveMQ ID is y76ZX
2024-01-20 21:29:11,440 INFO  - Starting with file persistence mode.
2024-01-20 21:29:12,375 INFO  - Starting HiveMQ extension system.
2024-01-20 21:29:12,436 WARN  - 
################################################################################################################
# This HiveMQ deployment is not secure! You are lacking Authentication and Authorization.                      #
# Right now any MQTT client can connect to the broker with a full set of permissions.                          #
# For production usage, add an appropriate security extension and remove the hivemq-allow-all extension.       #
# You can download security extensions from the HiveMQ Marketplace (https://www.hivemq.com/extensions/).       #
################################################################################################################
2024-01-20 21:29:12,438 INFO  - Extension "Allow All Extension" version 1.0.0 started successfully.
2024-01-20 21:29:12,488 INFO  - Starting TCP listener on address 0.0.0.0 and port 1883
2024-01-20 21:29:12,541 INFO  - Started TCP Listener on address 0.0.0.0 and on port 1883.
2024-01-20 21:29:12,542 INFO  - Started HiveMQ in 5044ms
2024-01-20 23:51:18,159 INFO  - Shutting down HiveMQ. Please wait, this could take a while...
2024-01-20 23:51:20,223 INFO  - Shutting down extension system
2024-01-20 23:51:20,225 INFO  - Extension "Allow All Extension" version 1.0.0 stopped successfully.
2024-01-20 23:51:23,345 INFO  - Shutdown completed.
2024-01-20 23:55:07,089 INFO  - Log Configuration was overridden by /home/agata/nauka/projekt/backend/hivemq-ce-2024.1/conf/logback.xml
2024-01-20 23:55:06,990 INFO  - Starting HiveMQ Community Edition Server
2024-01-20 23:55:06,992 INFO  - HiveMQ version: 2024.1
2024-01-20 23:55:06,992 INFO  - HiveMQ home directory: /home/agata/nauka/projekt/backend/hivemq-ce-2024.1
2024-01-20 23:55:07,394 INFO  - This HiveMQ ID is NBNTG
2024-01-20 23:55:10,325 INFO  - Starting with file persistence mode.
2024-01-20 23:55:11,140 INFO  - Starting HiveMQ extension system.
2024-01-20 23:55:11,197 WARN  - 
################################################################################################################
# This HiveMQ deployment is not secure! You are lacking Authentication and Authorization.                      #
# Right now any MQTT client can connect to the broker with a full set of permissions.                          #
# For production usage, add an appropriate security extension and remove the hivemq-allow-all extension.       #
# You can download security extensions from the HiveMQ Marketplace (https://www.hivemq.com/extensions/).       #
################################################################################################################
2024-01-20 23:55:11,200 INFO  - Extension "Allow All Extension" version 1.0.0 started successfully.
2024-01-20 23:55:11,248 INFO  - Starting TCP listener on address 0.0.0.0 and port 1883
2024-01-20 23:55:11,295 INFO  - Starting Websocket listener on address 0.0.0.0 and port 8000
2024-01-20 23:55:11,300 INFO  - Started TCP Listener on address 0.0.0.0 and on port 1883.
2024-01-20 23:55:11,301 INFO  - Started Websocket Listener on address 0.0.0.0 and on port 8000.
2024-01-20 23:55:11,301 INFO  - Started HiveMQ in 4317ms
