2024-01-22 12:58:25,596 INFO  - Log Configuration was overridden by /home/agata/nauka/projekt/backend/hivemq-ce-2024.1/conf/logback.xml
2024-01-22 12:58:25,501 INFO  - Starting HiveMQ Community Edition Server
2024-01-22 12:58:25,503 INFO  - HiveMQ version: 2024.1
2024-01-22 12:58:25,503 INFO  - HiveMQ home directory: /home/agata/nauka/projekt/backend/hivemq-ce-2024.1
2024-01-22 12:58:26,095 INFO  - This HiveMQ ID is XI8Ao
2024-01-22 12:58:28,842 INFO  - Starting with file persistence mode.
2024-01-22 12:58:29,911 INFO  - Starting HiveMQ extension system.
2024-01-22 12:58:30,027 WARN  - 
################################################################################################################
# This HiveMQ deployment is not secure! You are lacking Authentication and Authorization.                      #
# Right now any MQTT client can connect to the broker with a full set of permissions.                          #
# For production usage, add an appropriate security extension and remove the hivemq-allow-all extension.       #
# You can download security extensions from the HiveMQ Marketplace (https://www.hivemq.com/extensions/).       #
################################################################################################################
2024-01-22 12:58:30,029 INFO  - Extension "Allow All Extension" version 1.0.0 started successfully.
2024-01-22 12:58:30,140 INFO  - Starting TCP listener on address 0.0.0.0 and port 1883
2024-01-22 12:58:30,227 INFO  - Starting Websocket listener on address 0.0.0.0 and port 8000
2024-01-22 12:58:30,237 INFO  - Started TCP Listener on address 0.0.0.0 and on port 1883.
2024-01-22 12:58:30,237 INFO  - Started Websocket Listener on address 0.0.0.0 and on port 8000.
2024-01-22 12:58:30,237 INFO  - Started HiveMQ in 4741ms
2024-01-22 13:38:49,142 INFO  - Shutting down HiveMQ. Please wait, this could take a while...
2024-01-22 13:38:51,280 INFO  - Shutting down extension system
2024-01-22 13:38:51,285 INFO  - Extension "Allow All Extension" version 1.0.0 stopped successfully.
2024-01-22 13:38:55,288 INFO  - Shutdown completed.
