2024-01-20 15:43:42,114 INFO  - Checking for migrations (HiveMQ version 2024.1).
2024-01-20 15:43:42,115 INFO  - Skipping migration because no persistence folder is present.
2024-01-20 15:43:42,115 INFO  - Checking for value migrations (HiveMQ version 2024.1).
2024-01-20 15:43:42,116 INFO  - Skipping migration because no persistence folder is present.
2024-01-20 15:43:46,080 INFO  - Write metadata file: MetaInformation{hivemqVersion='2024.1', clientSessionPersistenceVersion='040000', queuedMessagesPersistenceVersion='040500', subscriptionPersistenceVersion='040000', retainedMessagesPersistenceVersion='040500_R', publishPayloadPersistenceVersion='040500_R', retainedMessagesPersistenceType='FILE_NATIVE', publishPayloadPersistenceType='FILE_NATIVE'}
2024-01-20 15:43:46,090 INFO  - Finished migration.
2024-01-20 16:30:09,370 INFO  - Checking for migrations (HiveMQ version 2024.1).
2024-01-20 16:30:09,372 INFO  - Read metadata file: MetaInformation{hivemqVersion='2024.1', clientSessionPersistenceVersion='040000', queuedMessagesPersistenceVersion='040500', subscriptionPersistenceVersion='040000', retainedMessagesPersistenceVersion='040500_R', publishPayloadPersistenceVersion='040500_R', retainedMessagesPersistenceType='FILE_NATIVE', publishPayloadPersistenceType='FILE_NATIVE'}
2024-01-20 16:30:09,382 INFO  - Nothing to migrate found.
2024-01-20 16:30:09,382 INFO  - Checking for value migrations (HiveMQ version 2024.1).
2024-01-20 16:30:09,383 INFO  - Read metadata file: MetaInformation{hivemqVersion='2024.1', clientSessionPersistenceVersion='040000', queuedMessagesPersistenceVersion='040500', subscriptionPersistenceVersion='040000', retainedMessagesPersistenceVersion='040500_R', publishPayloadPersistenceVersion='040500_R', retainedMessagesPersistenceType='FILE_NATIVE', publishPayloadPersistenceType='FILE_NATIVE'}
2024-01-20 16:30:09,383 INFO  - Nothing to migrate found.
2024-01-20 16:30:11,239 INFO  - Read metadata file: MetaInformation{hivemqVersion='2024.1', clientSessionPersistenceVersion='040000', queuedMessagesPersistenceVersion='040500', subscriptionPersistenceVersion='040000', retainedMessagesPersistenceVersion='040500_R', publishPayloadPersistenceVersion='040500_R', retainedMessagesPersistenceType='FILE_NATIVE', publishPayloadPersistenceType='FILE_NATIVE'}
2024-01-20 16:30:11,244 INFO  - Write metadata file: MetaInformation{hivemqVersion='2024.1', clientSessionPersistenceVersion='040000', queuedMessagesPersistenceVersion='040500', subscriptionPersistenceVersion='040000', retainedMessagesPersistenceVersion='040500_R', publishPayloadPersistenceVersion='040500_R', retainedMessagesPersistenceType='FILE_NATIVE', publishPayloadPersistenceType='FILE_NATIVE'}
2024-01-20 16:30:11,246 INFO  - Finished migration.
2024-01-20 18:36:10,379 INFO  - Checking for migrations (HiveMQ version 2024.1).
2024-01-20 18:36:10,384 INFO  - Read metadata file: MetaInformation{hivemqVersion='2024.1', clientSessionPersistenceVersion='040000', queuedMessagesPersistenceVersion='040500', subscriptionPersistenceVersion='040000', retainedMessagesPersistenceVersion='040500_R', publishPayloadPersistenceVersion='040500_R', retainedMessagesPersistenceType='FILE_NATIVE', publishPayloadPersistenceType='FILE_NATIVE'}
2024-01-20 18:36:10,410 INFO  - Nothing to migrate found.
2024-01-20 18:36:10,411 INFO  - Checking for value migrations (HiveMQ version 2024.1).
2024-01-20 18:36:10,411 INFO  - Read metadata file: MetaInformation{hivemqVersion='2024.1', clientSessionPersistenceVersion='040000', queuedMessagesPersistenceVersion='040500', subscriptionPersistenceVersion='040000', retainedMessagesPersistenceVersion='040500_R', publishPayloadPersistenceVersion='040500_R', retainedMessagesPersistenceType='FILE_NATIVE', publishPayloadPersistenceType='FILE_NATIVE'}
2024-01-20 18:36:10,416 INFO  - Nothing to migrate found.
2024-01-20 18:36:13,972 INFO  - Read metadata file: MetaInformation{hivemqVersion='2024.1', clientSessionPersistenceVersion='040000', queuedMessagesPersistenceVersion='040500', subscriptionPersistenceVersion='040000', retainedMessagesPersistenceVersion='040500_R', publishPayloadPersistenceVersion='040500_R', retainedMessagesPersistenceType='FILE_NATIVE', publishPayloadPersistenceType='FILE_NATIVE'}
2024-01-20 18:36:13,979 INFO  - Write metadata file: MetaInformation{hivemqVersion='2024.1', clientSessionPersistenceVersion='040000', queuedMessagesPersistenceVersion='040500', subscriptionPersistenceVersion='040000', retainedMessagesPersistenceVersion='040500_R', publishPayloadPersistenceVersion='040500_R', retainedMessagesPersistenceType='FILE_NATIVE', publishPayloadPersistenceType='FILE_NATIVE'}
2024-01-20 18:36:13,980 INFO  - Finished migration.
